<?xml version="1.0" encoding="UTF-8"?>
<!-- Generated by org.testng.reporters.JUnitXMLReporter -->
<testsuite ignored="0" hostname="sundars-MacBook-Air.local" failures="0" tests="3" name="Default test" time="45.117" errors="0" timestamp="2025-12-20T16:06:23 IST">
  <testcase classname="InterviewPrepTestNGTest.DataProviderTest" name="loginTest" time="16.927"/>
  <testcase classname="InterviewPrepTestNGTest.DataProviderTest" name="loginTest" time="13.496"/>
  <testcase classname="InterviewPrepTestNGTest.DataProviderTest" name="loginTest" time="14.67"/>
</testsuite> <!-- Default test -->
