<?xml version="1.0" encoding="UTF-8"?>
<!-- Generated by org.testng.reporters.JUnitXMLReporter -->
<testsuite ignored="2" hostname="sundars-MacBook-Air.local" failures="0" tests="1" name="SmokeTests" time="0.029" errors="0" timestamp="2025-12-20T15:56:06 IST">
  <testcase classname="InterviewPrepTestNGTest.groupingTest" name="login3" time="0.003"/>
  <testcase classname="InterviewPrepTestNGTest.groupingTest" name="login1" time="0.0">
    <ignored/>
  </testcase> <!-- login1 -->
  <testcase classname="InterviewPrepTestNGTest.groupingTest" name="login2" time="0.0">
    <ignored/>
  </testcase> <!-- login2 -->
</testsuite> <!-- SmokeTests -->
