<?xml version="1.0" encoding="UTF-8"?>
<!-- Generated by org.testng.reporters.JUnitXMLReporter -->
<testsuite ignored="0" hostname="sundars-MacBook-Air.local" failures="0" tests="6" name="Test" time="72.226" errors="0" timestamp="2026-04-16T08:11:10 IST">
  <testcase classname="tests.dashboardTest" name="loginTest" time="8.16"/>
  <testcase classname="tests.dashboardTest" name="verifyProductsAreDisplayedOnDashboard" time="5.049"/>
  <testcase classname="tests.dashboardTest" name="verifyAddToCartUpdatesCartBadge" time="8.768"/>
  <testcase classname="tests.dashboardTest" name="verifyUserNavigatesToProductDetailsPage" time="7.481"/>
  <testcase classname="tests.dashboardTest" name="verifyDashboardUIElementsVisibility" time="0.459"/>
  <testcase classname="tests.dashboardTest" name="verifyLogoutloginissuccessful" time="7.305"/>
</testsuite> <!-- Test -->
