<?xml version="1.0" encoding="UTF-8"?>
<!-- Generated by org.testng.reporters.JUnitXMLReporter -->
<testsuite ignored="0" hostname="sundars-MacBook-Air.local" failures="0" tests="6" name="Test" time="44.823" errors="0" timestamp="2026-04-29T08:30:33 IST">
  <testcase classname="tests.dashboardTest" name="loginTest" time="1.053"/>
  <testcase classname="tests.dashboardTest" name="verifyProductsAreDisplayedOnDashboard" time="5.061"/>
  <testcase classname="tests.dashboardTest" name="verifyAddToCartUpdatesCartBadge" time="8.181"/>
  <testcase classname="tests.dashboardTest" name="verifyUserNavigatesToProductDetailsPage" time="6.161"/>
  <testcase classname="tests.dashboardTest" name="verifyDashboardUIElementsVisibility" time="0.07"/>
  <testcase classname="tests.dashboardTest" name="verifyLogoutloginissuccessful" time="6.152"/>
</testsuite> <!-- Test -->
