<?xml version="1.0" encoding="UTF-8"?>
<testsuite xmlns:xsi="http://www.w3.org/2001/XMLSchema-instance" xsi:noNamespaceSchemaLocation="https://maven.apache.org/surefire/maven-surefire-plugin/xsd/surefire-test-report-3.0.xsd" version="3.0" name="TestSuite" time="11.569" tests="1" errors="0" skipped="0" failures="0">
  <properties>
[...]
</properties>
  <testcase name="loginTest" classname="tests.SauceLabsLoginTest" time="0.725">
    <system-out><![CDATA[08:39:15 INFO  AutomationLog - ===== Test Suite Started =====
08:39:25 INFO  AutomationLog - Navigated to URL: https://www.saucedemo.com/
08:39:25 INFO  AutomationLog - ===== Starting Test: loginTest =====
08:39:25 INFO  AutomationLog - Starting Sauce Labs Login Test
08:39:25 INFO  AutomationLog - Entering username
08:39:25 INFO  AutomationLog - Entering password
08:39:26 INFO  AutomationLog - Clicking login button
08:39:26 INFO  AutomationLog - Login successful
]]></system-out>
    <system-err><![CDATA[SLF4J(W): No SLF4J providers were found.
SLF4J(W): Defaulting to no-operation (NOP) logger implementation
SLF4J(W): See https://www.slf4j.org/codes.html#noProviders for further details.
Nov 20, 2025 8:39:24 AM org.openqa.selenium.devtools.CdpVersionFinder findNearestMatch
WARNING: Unable to find CDP implementation matching 142
Nov 20, 2025 8:39:24 AM org.openqa.selenium.chromium.ChromiumDriver lambda$new$5
WARNING: Unable to find version of CDP to use for 142.0.7444.176. You may need to include a dependency on a specific version of the CDP using something similar to `org.seleniumhq.selenium:selenium-devtools-v86:4.25.0` where the version ("v86") matches the version of the chromium-based browser you're using and the version number of the artifact is the same as Selenium's.
ERROR StatusLogger Log4j2 could not find a logging implementation. Please add log4j-core to the classpath. Using SimpleLogger to log to the console...
]]></system-err>
  </testcase>
</testsuite>