<?xml version="1.0" encoding="UTF-8"?>
<testng-results ignored="0" total="1" passed="1" failed="0" skipped="0">
  <reporter-output>
  </reporter-output>
  <suite started-at="2025-11-20T08:39:15 IST" name="Suite" finished-at="2025-11-20T08:39:26 IST" duration-ms="11096">
    <groups>
    </groups>
    <test started-at="2025-11-20T08:39:15 IST" name="Test" finished-at="2025-11-20T08:39:26 IST" duration-ms="11096">
      <class name="tests.SauceLabsLoginTest">
        <test-method is-config="true" signature="startReport()[pri:0, instance:tests.SauceLabsLoginTest@3e2e18f2]" started-at="2025-11-20T08:39:15 IST" name="startReport" finished-at="2025-11-20T08:39:15 IST" duration-ms="114" status="PASS">
          <reporter-output>
          </reporter-output>
        </test-method> <!-- startReport -->
        <test-method is-config="true" signature="setup()[pri:0, instance:tests.SauceLabsLoginTest@3e2e18f2]" started-at="2025-11-20T08:39:15 IST" name="setup" finished-at="2025-11-20T08:39:25 IST" duration-ms="10224" status="PASS">
          <reporter-output>
          </reporter-output>
        </test-method> <!-- setup -->
        <test-method is-config="true" signature="createExtentTest(java.lang.reflect.Method)[pri:0, instance:tests.SauceLabsLoginTest@3e2e18f2]" started-at="2025-11-20T08:39:25 IST" name="createExtentTest" finished-at="2025-11-20T08:39:25 IST" duration-ms="8" status="PASS">
          <params>
            <param index="0">
              <value>
                <![CDATA[public void tests.SauceLabsLoginTest.loginTest()]]>
              </value>
            </param>
          </params>
          <reporter-output>
          </reporter-output>
        </test-method> <!-- createExtentTest -->
        <test-method signature="loginTest()[pri:0, instance:tests.SauceLabsLoginTest@3e2e18f2]" started-at="2025-11-20T08:39:25 IST" name="loginTest" finished-at="2025-11-20T08:39:26 IST" duration-ms="708" status="PASS">
          <reporter-output>
          </reporter-output>
        </test-method> <!-- loginTest -->
        <test-method is-config="true" signature="tearDownMethod(org.testng.ITestResult)[pri:0, instance:tests.SauceLabsLoginTest@3e2e18f2]" started-at="2025-11-20T08:39:26 IST" name="tearDownMethod" finished-at="2025-11-20T08:39:26 IST" duration-ms="1" status="PASS">
          <params>
            <param index="0">
              <value>
                <![CDATA[[TestResult name=loginTest status=SUCCESS method=SauceLabsLoginTest.loginTest()[pri:0, instance:tests.SauceLabsLoginTest@3e2e18f2] output={null}]]]>
              </value>
            </param>
          </params>
          <reporter-output>
          </reporter-output>
        </test-method> <!-- tearDownMethod -->
        <test-method is-config="true" signature="closeBrowser()[pri:0, instance:tests.SauceLabsLoginTest@3e2e18f2]" started-at="2025-11-20T08:39:26 IST" name="closeBrowser" finished-at="2025-11-20T08:39:26 IST" duration-ms="135" status="PASS">
          <reporter-output>
          </reporter-output>
        </test-method> <!-- closeBrowser -->
        <test-method is-config="true" signature="flushReport()[pri:0, instance:tests.SauceLabsLoginTest@3e2e18f2]" started-at="2025-11-20T08:39:26 IST" name="flushReport" finished-at="2025-11-20T08:39:26 IST" duration-ms="151" status="PASS">
          <reporter-output>
          </reporter-output>
        </test-method> <!-- flushReport -->
      </class> <!-- tests.SauceLabsLoginTest -->
    </test> <!-- Test -->
  </suite> <!-- Suite -->
</testng-results>
