<?xml version="1.0" encoding="UTF-8"?>
<testng-results ignored="0" total="3" passed="3" failed="0" skipped="0">
  <reporter-output>
  </reporter-output>
  <suite started-at="2025-12-20T12:57:25 IST" name="Parallel Suite" finished-at="2025-12-20T12:57:47 IST" duration-ms="21854">
    <groups>
    </groups>
    <test started-at="2025-12-20T12:57:25 IST" name="Chrome2 Test" finished-at="2025-12-20T12:57:35 IST" duration-ms="10743">
      <class name="InterviewPrepUITests.LaunchAppTest">
        <test-method is-config="true" signature="setUp()[pri:0, instance:InterviewPrepUITests.LaunchAppTest@45752059]" started-at="2025-12-20T12:57:25 IST" name="setUp" finished-at="2025-12-20T12:57:35 IST" duration-ms="10193" status="PASS">
          <reporter-output>
          </reporter-output>
        </test-method> <!-- setUp -->
        <test-method signature="verifyPageTitle()[pri:0, instance:InterviewPrepUITests.LaunchAppTest@45752059]" started-at="2025-12-20T12:57:35 IST" name="verifyPageTitle" finished-at="2025-12-20T12:57:35 IST" duration-ms="428" status="PASS">
          <reporter-output>
          </reporter-output>
        </test-method> <!-- verifyPageTitle -->
        <test-method is-config="true" signature="tearDown()[pri:0, instance:InterviewPrepUITests.LaunchAppTest@45752059]" started-at="2025-12-20T12:57:35 IST" name="tearDown" finished-at="2025-12-20T12:57:35 IST" duration-ms="104" status="PASS">
          <reporter-output>
          </reporter-output>
        </test-method> <!-- tearDown -->
      </class> <!-- InterviewPrepUITests.LaunchAppTest -->
    </test> <!-- Chrome2 Test -->
    <test started-at="2025-12-20T12:57:25 IST" name="Chrome1 Test" finished-at="2025-12-20T12:57:40 IST" duration-ms="15721">
      <class name="InterviewPrepUITests.DropdownTest">
        <test-method is-config="true" signature="setUp()[pri:0, instance:InterviewPrepUITests.DropdownTest@557caf28]" started-at="2025-12-20T12:57:25 IST" name="setUp" finished-at="2025-12-20T12:57:38 IST" duration-ms="12782" status="PASS">
          <reporter-output>
          </reporter-output>
        </test-method> <!-- setUp -->
        <test-method signature="handleDropdownTest()[pri:0, instance:InterviewPrepUITests.DropdownTest@557caf28]" started-at="2025-12-20T12:57:38 IST" name="handleDropdownTest" finished-at="2025-12-20T12:57:40 IST" duration-ms="2838" status="PASS">
          <reporter-output>
          </reporter-output>
        </test-method> <!-- handleDropdownTest -->
        <test-method is-config="true" signature="tearDown()[pri:0, instance:InterviewPrepUITests.DropdownTest@557caf28]" started-at="2025-12-20T12:57:40 IST" name="tearDown" finished-at="2025-12-20T12:57:40 IST" duration-ms="90" status="PASS">
          <reporter-output>
          </reporter-output>
        </test-method> <!-- tearDown -->
      </class> <!-- InterviewPrepUITests.DropdownTest -->
    </test> <!-- Chrome1 Test -->
    <test started-at="2025-12-20T12:57:25 IST" name="Chrome Test" finished-at="2025-12-20T12:57:47 IST" duration-ms="21854">
      <class name="InterviewPrepUITests.AlertTest">
        <test-method is-config="true" signature="setUp()[pri:0, instance:InterviewPrepUITests.AlertTest@799f10e1]" started-at="2025-12-20T12:57:25 IST" name="setUp" finished-at="2025-12-20T12:57:41 IST" duration-ms="15900" status="PASS">
          <reporter-output>
          </reporter-output>
        </test-method> <!-- setUp -->
        <test-method signature="alertverificationTest()[pri:0, instance:InterviewPrepUITests.AlertTest@799f10e1]" started-at="2025-12-20T12:57:41 IST" name="alertverificationTest" finished-at="2025-12-20T12:57:46 IST" duration-ms="5847" status="PASS">
          <reporter-output>
          </reporter-output>
        </test-method> <!-- alertverificationTest -->
        <test-method is-config="true" signature="tearDown()[pri:0, instance:InterviewPrepUITests.AlertTest@799f10e1]" started-at="2025-12-20T12:57:46 IST" name="tearDown" finished-at="2025-12-20T12:57:47 IST" duration-ms="93" status="PASS">
          <reporter-output>
          </reporter-output>
        </test-method> <!-- tearDown -->
      </class> <!-- InterviewPrepUITests.AlertTest -->
    </test> <!-- Chrome Test -->
  </suite> <!-- Parallel Suite -->
</testng-results>
