<?xml version="1.0" encoding="UTF-8"?>
<testng-results ignored="0" total="1" passed="1" failed="0" skipped="0">
  <reporter-output>
  </reporter-output>
  <suite started-at="2025-12-11T09:00:40 IST" name="Default suite" finished-at="2025-12-11T09:00:41 IST" duration-ms="1273">
    <groups>
    </groups>
    <test started-at="2025-12-11T09:00:40 IST" name="Default test" finished-at="2025-12-11T09:00:41 IST" duration-ms="1273">
      <class name="APITestpackage.postTest">
        <test-method signature="postrequestTest()[pri:0, instance:APITestpackage.postTest@6ae5aa72]" started-at="2025-12-11T09:00:40 IST" name="postrequestTest" finished-at="2025-12-11T09:00:41 IST" duration-ms="1257" status="PASS">
          <reporter-output>
          </reporter-output>
        </test-method> <!-- postrequestTest -->
      </class> <!-- APITestpackage.postTest -->
    </test> <!-- Default test -->
  </suite> <!-- Default suite -->
</testng-results>
