<?xml version="1.0" encoding="UTF-8"?>
<!-- Generated by org.testng.reporters.JUnitReportReporter -->
<testsuite hostname="sundars-MacBook-Air.local" failures="0" tests="2" name="InterviewPrepTestNGTest.dependsOnMethodsTest" time="0.004" errors="0" timestamp="2025-12-20T15:49:42 IST" skipped="0">
  <testcase classname="InterviewPrepTestNGTest.dependsOnMethodsTest" name="login" time="0.004"/>
  <testcase classname="InterviewPrepTestNGTest.dependsOnMethodsTest" name="searchproduct" time="0.000"/>
</testsuite> <!-- InterviewPrepTestNGTest.dependsOnMethodsTest -->
