<?xml version="1.0" encoding="UTF-8"?>
<!-- Generated by org.testng.reporters.JUnitReportReporter -->
<testsuite hostname="sundars-MacBook-Air.local" failures="0" tests="6" name="tests.dashboardTest" time="37.237" errors="0" timestamp="2026-04-16T08:11:10 IST" skipped="0">
  <testcase classname="tests.dashboardTest" name="loginTest" time="8.169"/>
  <testcase classname="tests.dashboardTest" name="verifyProductsAreDisplayedOnDashboard" time="5.051"/>
  <testcase classname="tests.dashboardTest" name="verifyAddToCartUpdatesCartBadge" time="8.768"/>
  <testcase classname="tests.dashboardTest" name="verifyUserNavigatesToProductDetailsPage" time="7.482"/>
  <testcase classname="tests.dashboardTest" name="verifyDashboardUIElementsVisibility" time="0.460"/>
  <testcase classname="tests.dashboardTest" name="verifyLogoutloginissuccessful" time="7.307"/>
</testsuite> <!-- tests.dashboardTest -->
