<?xml version="1.0" encoding="UTF-8"?>
<!-- Generated by org.testng.reporters.JUnitReportReporter -->
<testsuite hostname="sundars-MacBook-Air.local" failures="0" tests="3" name="InterviewPrepTestNGTest.DataProviderTest" time="45.093" errors="0" timestamp="2025-12-20T16:06:24 IST" skipped="0">
  <testcase classname="InterviewPrepTestNGTest.DataProviderTest" name="loginTest" time="13.496"/>
  <testcase classname="InterviewPrepTestNGTest.DataProviderTest" name="loginTest" time="16.927"/>
  <testcase classname="InterviewPrepTestNGTest.DataProviderTest" name="loginTest" time="14.670"/>
</testsuite> <!-- InterviewPrepTestNGTest.DataProviderTest -->
