<?xml version="1.0" encoding="UTF-8"?>
<!-- Generated by org.testng.reporters.JUnitReportReporter -->
<testsuite hostname="sundars-MacBook-Air.local" failures="0" tests="13" name="InterviewPrepTestNGTest.invocationcounttest" time="0.009" errors="0" timestamp="2025-12-20T15:51:19 IST" skipped="0">
  <testcase classname="InterviewPrepTestNGTest.invocationcounttest" name="method2" time="0.000"/>
  <testcase classname="InterviewPrepTestNGTest.invocationcounttest" name="method2" time="0.000"/>
  <testcase classname="InterviewPrepTestNGTest.invocationcounttest" name="method1" time="0.001"/>
  <testcase classname="InterviewPrepTestNGTest.invocationcounttest" name="method2" time="0.001"/>
  <testcase classname="InterviewPrepTestNGTest.invocationcounttest" name="method1" time="0.004"/>
  <testcase classname="InterviewPrepTestNGTest.invocationcounttest" name="method2" time="0.000"/>
  <testcase classname="InterviewPrepTestNGTest.invocationcounttest" name="method2" time="0.000"/>
  <testcase classname="InterviewPrepTestNGTest.invocationcounttest" name="method2" time="0.001"/>
  <testcase classname="InterviewPrepTestNGTest.invocationcounttest" name="method2" time="0.000"/>
  <testcase classname="InterviewPrepTestNGTest.invocationcounttest" name="method2" time="0.000"/>
  <testcase classname="InterviewPrepTestNGTest.invocationcounttest" name="method2" time="0.001"/>
  <testcase classname="InterviewPrepTestNGTest.invocationcounttest" name="method2" time="0.000"/>
  <testcase classname="InterviewPrepTestNGTest.invocationcounttest" name="method1" time="0.001"/>
</testsuite> <!-- InterviewPrepTestNGTest.invocationcounttest -->
