<?xml version="1.0" encoding="UTF-8"?>
<!-- Generated by org.testng.reporters.JUnitReportReporter -->
<testsuite hostname="sundars-MacBook-Air.local" failures="0" tests="3" name="InterviewPrepTestNGTest.includeexcludeTest" time="0.003" errors="0" timestamp="2025-12-20T15:47:46 IST" skipped="1">
  <testcase classname="InterviewPrepTestNGTest.includeexcludeTest" name="Login3" time="0.000"/>
  <testcase classname="InterviewPrepTestNGTest.includeexcludeTest" name="ALogin1" time="0.003"/>
  <testcase classname="InterviewPrepTestNGTest.includeexcludeTest" name="Login2">
    <skipped/>
  </testcase> <!-- Login2 -->
</testsuite> <!-- InterviewPrepTestNGTest.includeexcludeTest -->
