<?xml version="1.0" encoding="UTF-8"?>
<!-- Generated by org.testng.reporters.JUnitReportReporter -->
<testsuite hostname="sundars-MacBook-Air.local" failures="0" tests="6" name="tests.dashboardTest" time="26.698" errors="0" timestamp="2026-04-29T08:30:33 IST" skipped="0">
  <testcase classname="tests.dashboardTest" name="loginTest" time="1.055"/>
  <testcase classname="tests.dashboardTest" name="verifyProductsAreDisplayedOnDashboard" time="5.062"/>
  <testcase classname="tests.dashboardTest" name="verifyAddToCartUpdatesCartBadge" time="8.183"/>
  <testcase classname="tests.dashboardTest" name="verifyUserNavigatesToProductDetailsPage" time="6.163"/>
  <testcase classname="tests.dashboardTest" name="verifyDashboardUIElementsVisibility" time="0.070"/>
  <testcase classname="tests.dashboardTest" name="verifyLogoutloginissuccessful" time="6.165"/>
</testsuite> <!-- tests.dashboardTest -->
